LED-NATIVE-APP-REFACTORED/android/app/build/intermediates/manifest_merge_blame_file/debug/processDebugMainManifest/manifest-merger-blame-debug-report.txt
1<?xml version="1.0" encoding="utf-8"?>
2<manifest xmlns:android="http://schemas.android.com/apk/res/android"
3    package="com.lightspaceworld.app"
4    android:versionCode="14"
5    android:versionName="2.3" >
6
7    <uses-sdk
8        android:minSdkVersion="23"
9        android:targetSdkVersion="35" />
10
11    <!-- Permissions -->
12    <uses-permission android:name="android.permission.INTERNET" />
12-->src\main\AndroidManifest.xml:68:5-67
12-->src\main\AndroidManifest.xml:68:22-64
13
14    <!-- Bluetooth Permissions for Android 12+ (API 31+) -->
15    <uses-permission
15-->src\main\AndroidManifest.xml:71:5-95
16        android:name="android.permission.BLUETOOTH"
16-->src\main\AndroidManifest.xml:71:22-65
17        android:maxSdkVersion="30" />
17-->src\main\AndroidManifest.xml:71:66-92
18    <uses-permission
18-->src\main\AndroidManifest.xml:72:5-101
19        android:name="android.permission.BLUETOOTH_ADMIN"
19-->src\main\AndroidManifest.xml:72:22-71
20        android:maxSdkVersion="30" />
20-->src\main\AndroidManifest.xml:72:72-98
21    <uses-permission android:name="android.permission.BLUETOOTH_SCAN" />
21-->src\main\AndroidManifest.xml:73:5-73
21-->src\main\AndroidManifest.xml:73:22-70
22    <uses-permission android:name="android.permission.BLUETOOTH_CONNECT" />
22-->src\main\AndroidManifest.xml:74:5-76
22-->src\main\AndroidManifest.xml:74:22-73
23
24    <!-- Location Permission (required for Bluetooth on Android 10-11) -->
25    <uses-permission android:name="android.permission.ACCESS_FINE_LOCATION" />
25-->src\main\AndroidManifest.xml:77:5-79
25-->src\main\AndroidManifest.xml:77:22-76
26    <uses-permission android:name="android.permission.ACCESS_COARSE_LOCATION" />
26-->src\main\AndroidManifest.xml:78:5-81
26-->src\main\AndroidManifest.xml:78:22-78
27
28    <!-- Storage Permissions (Android 10-12) -->
29    <uses-permission
29-->src\main\AndroidManifest.xml:81:5-107
30        android:name="android.permission.READ_EXTERNAL_STORAGE"
30-->src\main\AndroidManifest.xml:81:22-77
31        android:maxSdkVersion="32" />
31-->src\main\AndroidManifest.xml:81:78-104
32    <uses-permission
32-->src\main\AndroidManifest.xml:82:5-108
33        android:name="android.permission.WRITE_EXTERNAL_STORAGE"
33-->src\main\AndroidManifest.xml:82:22-78
34        android:maxSdkVersion="32" />
34-->src\main\AndroidManifest.xml:82:79-105
35
36    <!-- Android 13+ (API 33+) Media Permissions -->
37    <uses-permission android:name="android.permission.READ_MEDIA_AUDIO" />
37-->src\main\AndroidManifest.xml:85:5-75
37-->src\main\AndroidManifest.xml:85:22-72
38    <uses-permission android:name="android.permission.READ_MEDIA_IMAGES" />
38-->src\main\AndroidManifest.xml:86:5-76
38-->src\main\AndroidManifest.xml:86:22-73
39
40    <!-- Audio Recording for Voice Commands & Visualization -->
41    <uses-permission android:name="android.permission.RECORD_AUDIO" />
41-->src\main\AndroidManifest.xml:89:5-71
41-->src\main\AndroidManifest.xml:89:22-68
42    <uses-permission android:name="android.permission.MODIFY_AUDIO_SETTINGS" />
42-->src\main\AndroidManifest.xml:90:5-80
42-->src\main\AndroidManifest.xml:90:22-77
43
44    <!-- Notifications (Android 13+) -->
45    <uses-permission android:name="android.permission.POST_NOTIFICATIONS" />
45-->src\main\AndroidManifest.xml:93:5-77
45-->src\main\AndroidManifest.xml:93:22-74
46
47    <!-- Foreground Service for persistent Bluetooth connection -->
48    <uses-permission android:name="android.permission.FOREGROUND_SERVICE" />
48-->src\main\AndroidManifest.xml:96:5-77
48-->src\main\AndroidManifest.xml:96:22-74
49    <uses-permission android:name="android.permission.FOREGROUND_SERVICE_CONNECTED_DEVICE" />
49-->src\main\AndroidManifest.xml:97:5-94
49-->src\main\AndroidManifest.xml:97:22-91
50
51    <!-- Vibration Permission -->
52    <uses-permission android:name="android.permission.VIBRATE" />
52-->src\main\AndroidManifest.xml:100:5-66
52-->src\main\AndroidManifest.xml:100:22-63
53
54    <!-- Boot Completed for Auto-Reconnect -->
55    <uses-permission android:name="android.permission.RECEIVE_BOOT_COMPLETED" />
55-->src\main\AndroidManifest.xml:103:5-81
55-->src\main\AndroidManifest.xml:103:22-78
56
57    <!-- Wake Lock for Background Processing -->
58    <uses-permission android:name="android.permission.WAKE_LOCK" />
58-->src\main\AndroidManifest.xml:106:5-68
58-->src\main\AndroidManifest.xml:106:22-65
59
60    <!-- Feature declarations -->
61    <uses-feature
61-->src\main\AndroidManifest.xml:109:5-90
62        android:name="android.hardware.bluetooth_le"
62-->src\main\AndroidManifest.xml:109:19-63
63        android:required="true" />
63-->src\main\AndroidManifest.xml:109:64-87
64
65    <permission
65-->[androidx.core:core:1.15.0] AndroidManifest.xml:22:5-24:47
66        android:name="com.lightspaceworld.app.DYNAMIC_RECEIVER_NOT_EXPORTED_PERMISSION"
66-->[androidx.core:core:1.15.0] AndroidManifest.xml:23:9-81
67        android:protectionLevel="signature" />
67-->[androidx.core:core:1.15.0] AndroidManifest.xml:24:9-44
68
69    <uses-permission android:name="com.lightspaceworld.app.DYNAMIC_RECEIVER_NOT_EXPORTED_PERMISSION" />
69-->[androidx.core:core:1.15.0] AndroidManifest.xml:26:5-97
69-->[androidx.core:core:1.15.0] AndroidManifest.xml:26:22-94
70
71    <application
71-->src\main\AndroidManifest.xml:4:5-65:19
72        android:allowBackup="true"
72-->src\main\AndroidManifest.xml:5:9-35
73        android:appComponentFactory="androidx.core.app.CoreComponentFactory"
73-->[androidx.core:core:1.15.0] AndroidManifest.xml:28:18-86
74        android:debuggable="true"
75        android:extractNativeLibs="false"
76        android:icon="@mipmap/ic_launcher"
76-->src\main\AndroidManifest.xml:6:9-43
77        android:label="@string/app_name"
77-->src\main\AndroidManifest.xml:7:9-41
78        android:roundIcon="@mipmap/ic_launcher_round"
78-->src\main\AndroidManifest.xml:8:9-54
79        android:supportsRtl="true"
79-->src\main\AndroidManifest.xml:9:9-35
80        android:theme="@style/AppTheme"
80-->src\main\AndroidManifest.xml:10:9-40
81        android:usesCleartextTraffic="true" >
81-->src\main\AndroidManifest.xml:11:9-44
82
83        <!-- Main Activity -->
84        <activity
84-->src\main\AndroidManifest.xml:14:9-36:20
85            android:name="com.lightspaceworld.app.MainActivity"
85-->src\main\AndroidManifest.xml:16:13-64
86            android:configChanges="orientation|keyboardHidden|keyboard|screenSize|locale|smallestScreenSize|screenLayout|uiMode"
86-->src\main\AndroidManifest.xml:15:13-129
87            android:exported="true"
87-->src\main\AndroidManifest.xml:20:13-36
88            android:label="@string/title_activity_main"
88-->src\main\AndroidManifest.xml:17:13-56
89            android:launchMode="singleTask"
89-->src\main\AndroidManifest.xml:19:13-44
90            android:theme="@style/AppTheme.NoActionBarLaunch" >
90-->src\main\AndroidManifest.xml:18:13-62
91`r`n            
92            <meta-data
92-->src\main\AndroidManifest.xml:20:53-137
93                android:name="android.app.shortcuts"
93-->src\main\AndroidManifest.xml:20:64-100
94                android:resource="@xml/shortcuts" />
94-->src\main\AndroidManifest.xml:20:101-134
95
96            <!-- Main Launcher Intent -->
97            <intent-filter>
97-->src\main\AndroidManifest.xml:23:13-26:29
98                <action android:name="android.intent.action.MAIN" />
98-->src\main\AndroidManifest.xml:24:17-69
98-->src\main\AndroidManifest.xml:24:25-66
99
100                <category android:name="android.intent.category.LAUNCHER" />
100-->src\main\AndroidManifest.xml:25:17-77
100-->src\main\AndroidManifest.xml:25:27-74
101            </intent-filter>
102
103            <!-- Deep Link Intent -->
104            <intent-filter>
104-->src\main\AndroidManifest.xml:29:13-34:29
105                <action android:name="android.intent.action.VIEW" />
105-->src\main\AndroidManifest.xml:30:17-69
105-->src\main\AndroidManifest.xml:30:25-66
106
107                <category android:name="android.intent.category.DEFAULT" />
107-->src\main\AndroidManifest.xml:31:17-76
107-->src\main\AndroidManifest.xml:31:27-73
108                <category android:name="android.intent.category.BROWSABLE" />
108-->src\main\AndroidManifest.xml:32:17-78
108-->src\main\AndroidManifest.xml:32:27-75
109
110                <data android:scheme="ledcontrol" />
110-->src\main\AndroidManifest.xml:33:17-53
110-->src\main\AndroidManifest.xml:33:23-50
111            </intent-filter>
112        </activity>
113`r`n`r`n         <!-- LED Widget -->
114`r`n        
115        <receiver
115-->src\main\AndroidManifest.xml:36:67-438
116            android:name="com.lightspaceworld.app.LEDWidgetProvider"
116-->src\main\AndroidManifest.xml:36:77-133
117            android:exported="true" >
117-->src\main\AndroidManifest.xml:36:134-157
118`r`n            
119            <intent-filter>
119-->src\main\AndroidManifest.xml:36:174-308
120`r`n                
121                <action android:name="android.appwidget.action.APPWIDGET_UPDATE" />
121-->src\main\AndroidManifest.xml:36:209-276
121-->src\main\AndroidManifest.xml:36:217-273
122`r`n            
123            </intent-filter>
124`r`n            
125            <meta-data
125-->src\main\AndroidManifest.xml:36:324-415
126                android:name="android.appwidget.provider"
126-->src\main\AndroidManifest.xml:36:335-376
127                android:resource="@xml/widget_info" />
127-->src\main\AndroidManifest.xml:36:377-412
128`r`n        
129        </receiver>
130
131        <!-- Bluetooth Foreground Service für persistente BLE-Verbindungen -->
132        <service
132-->src\main\AndroidManifest.xml:39:9-44:19
133            android:name="com.lightspaceworld.app.BluetoothForegroundService"
133-->src\main\AndroidManifest.xml:40:13-78
134            android:enabled="true"
134-->src\main\AndroidManifest.xml:41:13-35
135            android:exported="false"
135-->src\main\AndroidManifest.xml:42:13-37
136            android:foregroundServiceType="connectedDevice" >
136-->src\main\AndroidManifest.xml:43:13-60
137        </service>
138
139        <!-- Boot Receiver für Auto-Connect nach Geräteneustart -->
140        <receiver
140-->src\main\AndroidManifest.xml:47:9-55:20
141            android:name="com.lightspaceworld.app.BootReceiver"
141-->src\main\AndroidManifest.xml:48:13-41
142            android:enabled="true"
142-->src\main\AndroidManifest.xml:49:13-35
143            android:exported="false" >
143-->src\main\AndroidManifest.xml:50:13-37
144            <intent-filter>
144-->src\main\AndroidManifest.xml:51:13-54:29
145                <action android:name="android.intent.action.BOOT_COMPLETED" />
145-->src\main\AndroidManifest.xml:52:17-79
145-->src\main\AndroidManifest.xml:52:25-76
146                <action android:name="android.intent.action.QUICKBOOT_POWERON" />
146-->src\main\AndroidManifest.xml:53:17-82
146-->src\main\AndroidManifest.xml:53:25-79
147            </intent-filter>
148        </receiver>
149
150        <!-- Notification Channel für Foreground Service -->
151        <meta-data
151-->src\main\AndroidManifest.xml:58:9-60:43
152            android:name="com.google.firebase.messaging.default_notification_channel_id"
152-->src\main\AndroidManifest.xml:59:13-89
153            android:value="led_service" />
153-->src\main\AndroidManifest.xml:60:13-40
154
155        <provider
156            android:name="androidx.core.content.FileProvider"
156-->src\main\AndroidManifest.xml:62:19-68
157            android:authorities="com.lightspaceworld.app.fileprovider"
157-->src\main\AndroidManifest.xml:62:69-120
158            android:exported="false"
158-->src\main\AndroidManifest.xml:62:121-145
159            android:grantUriPermissions="true" >
159-->src\main\AndroidManifest.xml:62:146-180
160            <meta-data
160-->src\main\AndroidManifest.xml:63:13-122
161                android:name="android.support.FILE_PROVIDER_PATHS"
161-->src\main\AndroidManifest.xml:63:24-74
162                android:resource="@xml/file_paths" />
162-->src\main\AndroidManifest.xml:63:75-109
163        </provider>
164        <provider
164-->[androidx.emoji2:emoji2:1.3.0] AndroidManifest.xml:24:9-32:20
165            android:name="androidx.startup.InitializationProvider"
165-->[androidx.emoji2:emoji2:1.3.0] AndroidManifest.xml:25:13-67
166            android:authorities="com.lightspaceworld.app.androidx-startup"
166-->[androidx.emoji2:emoji2:1.3.0] AndroidManifest.xml:26:13-68
167            android:exported="false" >
167-->[androidx.emoji2:emoji2:1.3.0] AndroidManifest.xml:27:13-37
168            <meta-data
168-->[androidx.emoji2:emoji2:1.3.0] AndroidManifest.xml:29:13-31:52
169                android:name="androidx.emoji2.text.EmojiCompatInitializer"
169-->[androidx.emoji2:emoji2:1.3.0] AndroidManifest.xml:30:17-75
170                android:value="androidx.startup" />
170-->[androidx.emoji2:emoji2:1.3.0] AndroidManifest.xml:31:17-49
171            <meta-data
171-->[androidx.lifecycle:lifecycle-process:2.6.2] AndroidManifest.xml:29:13-31:52
172                android:name="androidx.lifecycle.ProcessLifecycleInitializer"
172-->[androidx.lifecycle:lifecycle-process:2.6.2] AndroidManifest.xml:30:17-78
173                android:value="androidx.startup" />
173-->[androidx.lifecycle:lifecycle-process:2.6.2] AndroidManifest.xml:31:17-49
174            <meta-data
174-->[androidx.profileinstaller:profileinstaller:1.3.1] AndroidManifest.xml:29:13-31:52
175                android:name="androidx.profileinstaller.ProfileInstallerInitializer"
175-->[androidx.profileinstaller:profileinstaller:1.3.1] AndroidManifest.xml:30:17-85
176                android:value="androidx.startup" />
176-->[androidx.profileinstaller:profileinstaller:1.3.1] AndroidManifest.xml:31:17-49
177        </provider>
178
179        <receiver
179-->[androidx.profileinstaller:profileinstaller:1.3.1] AndroidManifest.xml:34:9-52:20
180            android:name="androidx.profileinstaller.ProfileInstallReceiver"
180-->[androidx.profileinstaller:profileinstaller:1.3.1] AndroidManifest.xml:35:13-76
181            android:directBootAware="false"
181-->[androidx.profileinstaller:profileinstaller:1.3.1] AndroidManifest.xml:36:13-44
182            android:enabled="true"
182-->[androidx.profileinstaller:profileinstaller:1.3.1] AndroidManifest.xml:37:13-35
183            android:exported="true"
183-->[androidx.profileinstaller:profileinstaller:1.3.1] AndroidManifest.xml:38:13-36
184            android:permission="android.permission.DUMP" >
184-->[androidx.profileinstaller:profileinstaller:1.3.1] AndroidManifest.xml:39:13-57
185            <intent-filter>
185-->[androidx.profileinstaller:profileinstaller:1.3.1] AndroidManifest.xml:40:13-42:29
186                <action android:name="androidx.profileinstaller.action.INSTALL_PROFILE" />
186-->[androidx.profileinstaller:profileinstaller:1.3.1] AndroidManifest.xml:41:17-91
186-->[androidx.profileinstaller:profileinstaller:1.3.1] AndroidManifest.xml:41:25-88
187            </intent-filter>
188            <intent-filter>
188-->[androidx.profileinstaller:profileinstaller:1.3.1] AndroidManifest.xml:43:13-45:29
189                <action android:name="androidx.profileinstaller.action.SKIP_FILE" />
189-->[androidx.profileinstaller:profileinstaller:1.3.1] AndroidManifest.xml:44:17-85
189-->[androidx.profileinstaller:profileinstaller:1.3.1] AndroidManifest.xml:44:25-82
190            </intent-filter>
191            <intent-filter>
191-->[androidx.profileinstaller:profileinstaller:1.3.1] AndroidManifest.xml:46:13-48:29
192                <action android:name="androidx.profileinstaller.action.SAVE_PROFILE" />
192-->[androidx.profileinstaller:profileinstaller:1.3.1] AndroidManifest.xml:47:17-88
192-->[androidx.profileinstaller:profileinstaller:1.3.1] AndroidManifest.xml:47:25-85
193            </intent-filter>
194            <intent-filter>
194-->[androidx.profileinstaller:profileinstaller:1.3.1] AndroidManifest.xml:49:13-51:29
195                <action android:name="androidx.profileinstaller.action.BENCHMARK_OPERATION" />
195-->[androidx.profileinstaller:profileinstaller:1.3.1] AndroidManifest.xml:50:17-95
195-->[androidx.profileinstaller:profileinstaller:1.3.1] AndroidManifest.xml:50:25-92
196            </intent-filter>
197        </receiver>
198    </application>
199
200</manifest>